C51 COMPILER V8.06   DELAY                                                                 01/23/2018 15:21:24 PAGE 1   


C51 COMPILER V8.06, COMPILATION OF MODULE DELAY
OBJECT MODULE PLACED IN delay.OBJ
COMPILER INVOKED BY: C:\Keil\C51\BIN\C51.EXE delay.c BROWSE DEBUG OBJECTEXTEND

line level    source

   1          #include"head.h"
   2          
   3          /**************************************
   4          —” ±XŒ¢√Î(STC15F104W@11.0592M)
   5          **************************************/
   6          
   7          
   8          
   9          void Delay10us()                //@11.0592MHz
  10          {
  11   1              unsigned char i;
  12   1      
  13   1              _nop_();
  14   1              i = 25;
  15   1              while (--i);
  16   1      }
  17          
  18          void Delay40us()                //@11.0592MHz
  19          {
  20   1              unsigned char i;
  21   1      
  22   1              i = 108;
  23   1              while (--i);
  24   1      }
  25          
  26          
  27          
  28          void Delay1s()          //@11.0592MHz
  29          {
  30   1              unsigned char i, j, k;
  31   1      
  32   1              _nop_();
  33   1              _nop_();
  34   1              i = 43;
  35   1              j = 6;
  36   1              k = 203;
  37   1              do
  38   1              {
  39   2                      do
  40   2                      {
  41   3                              while (--k);
  42   3                      } while (--j);
  43   2              } while (--i);
  44   1      }


MODULE INFORMATION:   STATIC OVERLAYABLE
   CODE SIZE        =     26    ----
   CONSTANT SIZE    =   ----    ----
   XDATA SIZE       =   ----    ----
   PDATA SIZE       =   ----    ----
   DATA SIZE        =   ----    ----
   IDATA SIZE       =   ----    ----
   BIT SIZE         =   ----    ----
END OF MODULE INFORMATION.

C51 COMPILER V8.06   DELAY                                                                 01/23/2018 15:21:24 PAGE 2   


C51 COMPILATION COMPLETE.  0 WARNING(S),  0 ERROR(S)
